<?xml version="1.0" encoding="UTF-8"?>
<!-- Generated by org.testng.reporters.JUnitXMLReporter -->
<testsuite ignored="0" hostname="TeamOs-PC" failures="1" tests="3" name="TestForSearchPage" time="28.349" errors="0" timestamp="2023-08-16T09:25:27 BDT">
  <testcase classname="com.e_commerce.testcases.SearchTestCase" name="verifySearchWithValidProduct" time="1.251"/>
  <testcase classname="com.e_commerce.testcases.SearchTestCase" name="verifySearchWithInValidProduct" time="0.976">
    <failure type="java.lang.AssertionError" message="Test should be failed for searching expected [There is no product that matches the searching criteria.] but found [There is no product that matches the search criteria.]">
      <![CDATA[java.lang.AssertionError: Test should be failed for searching expected [There is no product that matches the searching criteria.] but found [There is no product that matches the search criteria.]
at com.e_commerce.testcases.SearchTestCase.verifySearchWithInValidProduct(SearchTestCase.java:55)
at java.base/java.util.ArrayList.forEach(ArrayList.java:1511)
... Removed 30 stack frames]]>
    </failure>
  </testcase> <!-- verifySearchWithInValidProduct -->
  <testcase classname="com.e_commerce.testcases.SearchTestCase" name="VerifySearchFieldWithoutInputtingvalue" time="0.0">
    <skipped/>
  </testcase> <!-- VerifySearchFieldWithoutInputtingvalue -->
</testsuite> <!-- TestForSearchPage -->
